<?xml version="1.0" encoding="UTF-8"?>
<testng-results skipped="0" failed="0" total="0" passed="0">
  <reporter-output>
  </reporter-output>
  <suite name="assignment_project.assignment.AppTest" duration-ms="2" started-at="2018-05-12T08:10:33Z" finished-at="2018-05-12T08:10:33Z">
    <groups>
    </groups>
    <test name="Command line test" duration-ms="2" started-at="2018-05-12T08:10:33Z" finished-at="2018-05-12T08:10:33Z">
    </test> <!-- Command line test -->
  </suite> <!-- assignment_project.assignment.AppTest -->
</testng-results>
